2021-08-25 11:14:35 INFO  ReaderFromFile:29 - File was read
2021-08-25 11:14:35 INFO  WordParser:29 - Word was built
2021-08-25 11:14:35 INFO  WordParser:29 - Word was built
2021-08-25 11:14:35 INFO  WordParser:29 - Word was built
2021-08-25 11:14:35 INFO  WordParser:29 - Word was built
2021-08-25 11:14:35 INFO  WordParser:29 - Word was built
2021-08-25 11:14:35 INFO  WordParser:29 - Word was built
2021-08-25 11:14:35 INFO  WordParser:29 - Word was built
2021-08-25 11:14:35 INFO  WordParser:29 - Word was built
2021-08-25 11:14:35 INFO  WordParser:29 - Word was built
2021-08-25 11:14:35 INFO  WordParser:29 - Word was built
2021-08-25 11:14:35 INFO  WordParser:29 - Word was built
2021-08-25 11:14:35 INFO  WordParser:29 - Word was built
2021-08-25 11:14:35 INFO  WordParser:29 - Word was built
2021-08-25 11:14:35 INFO  WordParser:29 - Word was built
2021-08-25 11:14:35 INFO  WordParser:29 - Word was built
2021-08-25 11:14:35 INFO  WordParser:29 - Word was built
2021-08-25 11:14:35 INFO  SentenceParser:32 - Sentence was built
2021-08-25 11:14:35 INFO  WordParser:29 - Word was built
2021-08-25 11:14:35 INFO  WordParser:29 - Word was built
2021-08-25 11:14:35 INFO  WordParser:29 - Word was built
2021-08-25 11:14:35 INFO  WordParser:29 - Word was built
2021-08-25 11:14:35 INFO  WordParser:29 - Word was built
2021-08-25 11:14:35 INFO  WordParser:29 - Word was built
2021-08-25 11:14:35 INFO  WordParser:29 - Word was built
2021-08-25 11:14:35 INFO  WordParser:29 - Word was built
2021-08-25 11:14:35 INFO  WordParser:29 - Word was built
2021-08-25 11:14:35 INFO  WordParser:29 - Word was built
2021-08-25 11:14:35 INFO  SentenceParser:32 - Sentence was built
2021-08-25 11:14:35 INFO  WordParser:29 - Word was built
2021-08-25 11:14:35 INFO  WordParser:29 - Word was built
2021-08-25 11:14:35 INFO  WordParser:29 - Word was built
2021-08-25 11:14:35 INFO  WordParser:29 - Word was built
2021-08-25 11:14:35 INFO  WordParser:29 - Word was built
2021-08-25 11:14:35 INFO  WordParser:29 - Word was built
2021-08-25 11:14:35 INFO  WordParser:29 - Word was built
2021-08-25 11:14:35 INFO  WordParser:29 - Word was built
2021-08-25 11:14:35 INFO  WordParser:29 - Word was built
2021-08-25 11:14:35 INFO  WordParser:29 - Word was built
2021-08-25 11:14:35 INFO  WordParser:29 - Word was built
2021-08-25 11:14:35 INFO  WordParser:29 - Word was built
2021-08-25 11:14:35 INFO  WordParser:29 - Word was built
2021-08-25 11:14:35 INFO  SentenceParser:32 - Sentence was built
2021-08-25 11:14:35 INFO  WordParser:29 - Word was built
2021-08-25 11:14:35 INFO  WordParser:29 - Word was built
2021-08-25 11:14:35 INFO  WordParser:29 - Word was built
2021-08-25 11:14:35 INFO  WordParser:29 - Word was built
2021-08-25 11:14:35 INFO  WordParser:29 - Word was built
2021-08-25 11:14:35 INFO  WordParser:29 - Word was built
2021-08-25 11:14:35 INFO  WordParser:29 - Word was built
2021-08-25 11:14:35 INFO  WordParser:29 - Word was built
2021-08-25 11:14:35 INFO  WordParser:29 - Word was built
2021-08-25 11:14:35 INFO  WordParser:29 - Word was built
2021-08-25 11:14:35 INFO  WordParser:29 - Word was built
2021-08-25 11:14:35 INFO  WordParser:29 - Word was built
2021-08-25 11:14:35 INFO  WordParser:29 - Word was built
2021-08-25 11:14:35 INFO  WordParser:29 - Word was built
2021-08-25 11:14:35 INFO  WordParser:29 - Word was built
2021-08-25 11:14:35 INFO  WordParser:29 - Word was built
2021-08-25 11:14:35 INFO  WordParser:29 - Word was built
2021-08-25 11:14:35 INFO  WordParser:29 - Word was built
2021-08-25 11:14:35 INFO  WordParser:29 - Word was built
2021-08-25 11:14:35 INFO  SentenceParser:32 - Sentence was built
2021-08-25 11:14:35 INFO  WordParser:29 - Word was built
2021-08-25 11:14:35 INFO  WordParser:29 - Word was built
2021-08-25 11:14:35 INFO  WordParser:29 - Word was built
2021-08-25 11:14:35 INFO  WordParser:29 - Word was built
2021-08-25 11:14:35 INFO  WordParser:29 - Word was built
2021-08-25 11:14:35 INFO  WordParser:29 - Word was built
2021-08-25 11:14:35 INFO  WordParser:29 - Word was built
2021-08-25 11:14:35 INFO  WordParser:29 - Word was built
2021-08-25 11:14:35 INFO  WordParser:29 - Word was built
2021-08-25 11:14:35 INFO  SentenceParser:32 - Sentence was built
2021-08-25 11:14:35 INFO  WordParser:29 - Word was built
2021-08-25 11:14:35 INFO  WordParser:29 - Word was built
2021-08-25 11:14:35 INFO  WordParser:29 - Word was built
2021-08-25 11:14:35 INFO  WordParser:29 - Word was built
2021-08-25 11:14:35 INFO  WordParser:29 - Word was built
2021-08-25 11:14:35 INFO  WordParser:29 - Word was built
2021-08-25 11:14:35 INFO  WordParser:29 - Word was built
2021-08-25 11:14:35 INFO  WordParser:29 - Word was built
2021-08-25 11:14:35 INFO  WordParser:29 - Word was built
2021-08-25 11:14:35 INFO  WordParser:29 - Word was built
2021-08-25 11:14:35 INFO  WordParser:29 - Word was built
2021-08-25 11:14:35 INFO  WordParser:29 - Word was built
2021-08-25 11:14:35 INFO  WordParser:29 - Word was built
2021-08-25 11:14:35 INFO  WordParser:29 - Word was built
2021-08-25 11:14:35 INFO  WordParser:29 - Word was built
2021-08-25 11:14:35 INFO  WordParser:29 - Word was built
2021-08-25 11:14:35 INFO  WordParser:29 - Word was built
2021-08-25 11:14:35 INFO  WordParser:29 - Word was built
2021-08-25 11:14:35 INFO  WordParser:29 - Word was built
2021-08-25 11:14:35 INFO  WordParser:29 - Word was built
2021-08-25 11:14:35 INFO  WordParser:29 - Word was built
2021-08-25 11:14:35 INFO  WordParser:29 - Word was built
2021-08-25 11:14:35 INFO  WordParser:29 - Word was built
2021-08-25 11:14:35 INFO  SentenceParser:32 - Sentence was built
2021-08-25 11:14:35 INFO  WordParser:29 - Word was built
2021-08-25 11:14:35 INFO  WordParser:29 - Word was built
2021-08-25 11:14:35 INFO  WordParser:29 - Word was built
2021-08-25 11:14:35 INFO  WordParser:29 - Word was built
2021-08-25 11:14:35 INFO  WordParser:29 - Word was built
2021-08-25 11:14:35 INFO  WordParser:29 - Word was built
2021-08-25 11:14:35 INFO  WordParser:29 - Word was built
2021-08-25 11:14:35 INFO  WordParser:29 - Word was built
2021-08-25 11:14:35 INFO  WordParser:29 - Word was built
2021-08-25 11:14:35 INFO  WordParser:29 - Word was built
2021-08-25 11:14:35 INFO  WordParser:29 - Word was built
2021-08-25 11:14:35 INFO  WordParser:29 - Word was built
2021-08-25 11:14:35 INFO  WordParser:29 - Word was built
2021-08-25 11:14:35 INFO  WordParser:29 - Word was built
2021-08-25 11:14:35 INFO  WordParser:29 - Word was built
2021-08-25 11:14:35 INFO  WordParser:29 - Word was built
2021-08-25 11:14:35 INFO  WordParser:29 - Word was built
2021-08-25 11:14:35 INFO  SentenceParser:32 - Sentence was built
2021-08-25 11:14:35 INFO  WordParser:29 - Word was built
2021-08-25 11:14:35 INFO  WordParser:29 - Word was built
2021-08-25 11:14:35 INFO  WordParser:29 - Word was built
2021-08-25 11:14:35 INFO  WordParser:29 - Word was built
2021-08-25 11:14:35 INFO  WordParser:29 - Word was built
2021-08-25 11:14:35 INFO  WordParser:29 - Word was built
2021-08-25 11:14:35 INFO  WordParser:29 - Word was built
2021-08-25 11:14:35 INFO  WordParser:29 - Word was built
2021-08-25 11:14:35 INFO  WordParser:29 - Word was built
2021-08-25 11:14:35 INFO  WordParser:29 - Word was built
2021-08-25 11:14:35 INFO  WordParser:29 - Word was built
2021-08-25 11:14:35 INFO  WordParser:29 - Word was built
2021-08-25 11:14:35 INFO  WordParser:29 - Word was built
2021-08-25 11:14:35 INFO  WordParser:29 - Word was built
2021-08-25 11:14:35 INFO  WordParser:29 - Word was built
2021-08-25 11:14:35 INFO  WordParser:29 - Word was built
2021-08-25 11:14:35 INFO  WordParser:29 - Word was built
2021-08-25 11:14:35 INFO  WordParser:29 - Word was built
2021-08-25 11:14:35 INFO  WordParser:29 - Word was built
2021-08-25 11:14:35 INFO  WordParser:29 - Word was built
2021-08-25 11:14:35 INFO  WordParser:29 - Word was built
2021-08-25 11:14:35 INFO  WordParser:29 - Word was built
2021-08-25 11:14:35 INFO  WordParser:29 - Word was built
2021-08-25 11:14:35 INFO  WordParser:29 - Word was built
2021-08-25 11:14:35 INFO  WordParser:29 - Word was built
2021-08-25 11:14:35 INFO  WordParser:29 - Word was built
2021-08-25 11:14:35 INFO  WordParser:29 - Word was built
2021-08-25 11:14:35 INFO  WordParser:29 - Word was built
2021-08-25 11:14:35 INFO  WordParser:29 - Word was built
2021-08-25 11:14:35 INFO  WordParser:29 - Word was built
2021-08-25 11:14:35 INFO  WordParser:29 - Word was built
2021-08-25 11:14:35 INFO  WordParser:29 - Word was built
2021-08-25 11:14:35 INFO  WordParser:29 - Word was built
2021-08-25 11:14:35 INFO  WordParser:29 - Word was built
2021-08-25 11:14:35 INFO  SentenceParser:32 - Sentence was built
2021-08-25 11:14:35 INFO  ParagraphParser:32 - Paragraph was built
2021-08-25 11:14:35 INFO  WordParser:29 - Word was built
2021-08-25 11:14:35 INFO  WordParser:29 - Word was built
2021-08-25 11:14:35 INFO  WordParser:29 - Word was built
2021-08-25 11:14:35 INFO  WordParser:29 - Word was built
2021-08-25 11:14:35 INFO  WordParser:29 - Word was built
2021-08-25 11:14:35 INFO  WordParser:29 - Word was built
2021-08-25 11:14:35 INFO  WordParser:29 - Word was built
2021-08-25 11:14:35 INFO  WordParser:29 - Word was built
2021-08-25 11:14:35 INFO  WordParser:29 - Word was built
2021-08-25 11:14:35 INFO  WordParser:29 - Word was built
2021-08-25 11:14:35 INFO  WordParser:29 - Word was built
2021-08-25 11:14:35 INFO  SentenceParser:32 - Sentence was built
2021-08-25 11:14:35 INFO  WordParser:29 - Word was built
2021-08-25 11:14:35 INFO  WordParser:29 - Word was built
2021-08-25 11:14:35 INFO  WordParser:29 - Word was built
2021-08-25 11:14:35 INFO  WordParser:29 - Word was built
2021-08-25 11:14:35 INFO  WordParser:29 - Word was built
2021-08-25 11:14:35 INFO  WordParser:29 - Word was built
2021-08-25 11:14:35 INFO  WordParser:29 - Word was built
2021-08-25 11:14:35 INFO  WordParser:29 - Word was built
2021-08-25 11:14:35 INFO  WordParser:29 - Word was built
2021-08-25 11:14:35 INFO  WordParser:29 - Word was built
2021-08-25 11:14:35 INFO  WordParser:29 - Word was built
2021-08-25 11:14:35 INFO  WordParser:29 - Word was built
2021-08-25 11:14:35 INFO  WordParser:29 - Word was built
2021-08-25 11:14:35 INFO  WordParser:29 - Word was built
2021-08-25 11:14:35 INFO  WordParser:29 - Word was built
2021-08-25 11:14:35 INFO  WordParser:29 - Word was built
2021-08-25 11:14:35 INFO  WordParser:29 - Word was built
2021-08-25 11:14:35 INFO  WordParser:29 - Word was built
2021-08-25 11:14:35 INFO  WordParser:29 - Word was built
2021-08-25 11:14:35 INFO  WordParser:29 - Word was built
2021-08-25 11:14:35 INFO  WordParser:29 - Word was built
2021-08-25 11:14:35 INFO  WordParser:29 - Word was built
2021-08-25 11:14:35 INFO  WordParser:29 - Word was built
2021-08-25 11:14:35 INFO  WordParser:29 - Word was built
2021-08-25 11:14:35 INFO  SentenceParser:32 - Sentence was built
2021-08-25 11:14:35 INFO  WordParser:29 - Word was built
2021-08-25 11:14:35 INFO  WordParser:29 - Word was built
2021-08-25 11:14:35 INFO  WordParser:29 - Word was built
2021-08-25 11:14:35 INFO  WordParser:29 - Word was built
2021-08-25 11:14:35 INFO  WordParser:29 - Word was built
2021-08-25 11:14:35 INFO  WordParser:29 - Word was built
2021-08-25 11:14:35 INFO  WordParser:29 - Word was built
2021-08-25 11:14:35 INFO  WordParser:29 - Word was built
2021-08-25 11:14:35 INFO  WordParser:29 - Word was built
2021-08-25 11:14:35 INFO  WordParser:29 - Word was built
2021-08-25 11:14:35 INFO  WordParser:29 - Word was built
2021-08-25 11:14:35 INFO  WordParser:29 - Word was built
2021-08-25 11:14:35 INFO  WordParser:29 - Word was built
2021-08-25 11:14:35 INFO  WordParser:29 - Word was built
2021-08-25 11:14:35 INFO  WordParser:29 - Word was built
2021-08-25 11:14:35 INFO  WordParser:29 - Word was built
2021-08-25 11:14:35 INFO  WordParser:29 - Word was built
2021-08-25 11:14:35 INFO  WordParser:29 - Word was built
2021-08-25 11:14:35 INFO  SentenceParser:32 - Sentence was built
2021-08-25 11:14:35 INFO  WordParser:29 - Word was built
2021-08-25 11:14:35 INFO  WordParser:29 - Word was built
2021-08-25 11:14:35 INFO  WordParser:29 - Word was built
2021-08-25 11:14:35 INFO  WordParser:29 - Word was built
2021-08-25 11:14:35 INFO  WordParser:29 - Word was built
2021-08-25 11:14:35 INFO  WordParser:29 - Word was built
2021-08-25 11:14:35 INFO  WordParser:29 - Word was built
2021-08-25 11:14:35 INFO  WordParser:29 - Word was built
2021-08-25 11:14:35 INFO  WordParser:29 - Word was built
2021-08-25 11:14:35 INFO  WordParser:29 - Word was built
2021-08-25 11:14:35 INFO  WordParser:29 - Word was built
2021-08-25 11:14:35 INFO  WordParser:29 - Word was built
2021-08-25 11:14:35 INFO  SentenceParser:32 - Sentence was built
2021-08-25 11:14:35 INFO  ParagraphParser:32 - Paragraph was built
2021-08-25 11:14:35 INFO  WordParser:29 - Word was built
2021-08-25 11:14:35 INFO  WordParser:29 - Word was built
2021-08-25 11:14:35 INFO  WordParser:29 - Word was built
2021-08-25 11:14:35 INFO  WordParser:29 - Word was built
2021-08-25 11:14:35 INFO  WordParser:29 - Word was built
2021-08-25 11:14:35 INFO  WordParser:29 - Word was built
2021-08-25 11:14:35 INFO  WordParser:29 - Word was built
2021-08-25 11:14:35 INFO  WordParser:29 - Word was built
2021-08-25 11:14:35 INFO  WordParser:29 - Word was built
2021-08-25 11:14:35 INFO  WordParser:29 - Word was built
2021-08-25 11:14:35 INFO  WordParser:29 - Word was built
2021-08-25 11:14:35 INFO  WordParser:29 - Word was built
2021-08-25 11:14:35 INFO  WordParser:29 - Word was built
2021-08-25 11:14:35 INFO  WordParser:29 - Word was built
2021-08-25 11:14:35 INFO  WordParser:29 - Word was built
2021-08-25 11:14:35 INFO  WordParser:29 - Word was built
2021-08-25 11:14:35 INFO  WordParser:29 - Word was built
2021-08-25 11:14:35 INFO  WordParser:29 - Word was built
2021-08-25 11:14:35 INFO  WordParser:29 - Word was built
2021-08-25 11:14:35 INFO  WordParser:29 - Word was built
2021-08-25 11:14:35 INFO  SentenceParser:32 - Sentence was built
2021-08-25 11:14:35 INFO  WordParser:29 - Word was built
2021-08-25 11:14:35 INFO  WordParser:29 - Word was built
2021-08-25 11:14:35 INFO  WordParser:29 - Word was built
2021-08-25 11:14:35 INFO  WordParser:29 - Word was built
2021-08-25 11:14:35 INFO  WordParser:29 - Word was built
2021-08-25 11:14:35 INFO  WordParser:29 - Word was built
2021-08-25 11:14:35 INFO  WordParser:29 - Word was built
2021-08-25 11:14:35 INFO  WordParser:29 - Word was built
2021-08-25 11:14:35 INFO  WordParser:29 - Word was built
2021-08-25 11:14:35 INFO  WordParser:29 - Word was built
2021-08-25 11:14:35 INFO  WordParser:29 - Word was built
2021-08-25 11:14:35 INFO  WordParser:29 - Word was built
2021-08-25 11:14:35 INFO  WordParser:29 - Word was built
2021-08-25 11:14:35 INFO  WordParser:29 - Word was built
2021-08-25 11:14:35 INFO  WordParser:29 - Word was built
2021-08-25 11:14:35 INFO  WordParser:29 - Word was built
2021-08-25 11:14:35 INFO  WordParser:29 - Word was built
2021-08-25 11:14:35 INFO  WordParser:29 - Word was built
2021-08-25 11:14:35 INFO  SentenceParser:32 - Sentence was built
2021-08-25 11:14:35 INFO  WordParser:29 - Word was built
2021-08-25 11:14:35 INFO  WordParser:29 - Word was built
2021-08-25 11:14:35 INFO  WordParser:29 - Word was built
2021-08-25 11:14:35 INFO  WordParser:29 - Word was built
2021-08-25 11:14:35 INFO  WordParser:29 - Word was built
2021-08-25 11:14:35 INFO  WordParser:29 - Word was built
2021-08-25 11:14:35 INFO  WordParser:29 - Word was built
2021-08-25 11:14:35 INFO  WordParser:29 - Word was built
2021-08-25 11:14:35 INFO  WordParser:29 - Word was built
2021-08-25 11:14:35 INFO  WordParser:29 - Word was built
2021-08-25 11:14:35 INFO  WordParser:29 - Word was built
2021-08-25 11:14:35 INFO  WordParser:29 - Word was built
2021-08-25 11:14:35 INFO  WordParser:29 - Word was built
2021-08-25 11:14:35 INFO  WordParser:29 - Word was built
2021-08-25 11:14:35 INFO  WordParser:29 - Word was built
2021-08-25 11:14:35 INFO  WordParser:29 - Word was built
2021-08-25 11:14:35 INFO  WordParser:29 - Word was built
2021-08-25 11:14:35 INFO  WordParser:29 - Word was built
2021-08-25 11:14:35 INFO  WordParser:29 - Word was built
2021-08-25 11:14:35 INFO  WordParser:29 - Word was built
2021-08-25 11:14:35 INFO  SentenceParser:32 - Sentence was built
2021-08-25 11:14:35 INFO  ParagraphParser:32 - Paragraph was built
2021-08-25 11:14:35 INFO  TextParser:20 - Text was built
2021-08-25 11:14:35 INFO  WriterToFile:20 - Text was written
